  main.cpp
C:\Users\kevin\Documents\Werkmap\TU DELFT\CSE\Jaar 2 2019-2020\Q1 september-\Computer Graphics (CSE2215)\Task 4\dependencies\tucano\tucano\shader.hpp(1789,1): warning C4267:  'argument': conversion from 'size_t' to 'GLsizei', possible loss of data
C:\Users\kevin\Documents\Werkmap\TU DELFT\CSE\Jaar 2 2019-2020\Q1 september-\Computer Graphics (CSE2215)\Task 4\dependencies\tucano\tucano\shader.hpp(1797,1): warning C4267:  'argument': conversion from 'size_t' to 'GLsizei', possible loss of data
C:\Users\kevin\Documents\Werkmap\TU DELFT\CSE\Jaar 2 2019-2020\Q1 september-\Computer Graphics (CSE2215)\Task 4\dependencies\tucano\tucano\framebuffer.hpp(920,1): warning C4267:  'return': conversion from 'size_t' to 'int', possible loss of data
C:\Users\kevin\Documents\Werkmap\TU DELFT\CSE\Jaar 2 2019-2020\Q1 september-\Computer Graphics (CSE2215)\Task 4\dependencies\tucano\tucano\model.hpp(39,73): warning C4305:  'argument': truncation from 'double' to 'const float'
C:\Users\kevin\Documents\Werkmap\TU DELFT\CSE\Jaar 2 2019-2020\Q1 september-\Computer Graphics (CSE2215)\Task 4\dependencies\tucano\tucano\model.hpp(171,31): warning C4244:  'argument': conversion from 'double' to 'const float', possible loss of data
C:\Users\kevin\Documents\Werkmap\TU DELFT\CSE\Jaar 2 2019-2020\Q1 september-\Computer Graphics (CSE2215)\Task 4\dependencies\tucano\tucano\mesh.hpp(472,1): warning C4267:  '=': conversion from 'size_t' to 'unsigned int', possible loss of data
C:\Users\kevin\Documents\Werkmap\TU DELFT\CSE\Jaar 2 2019-2020\Q1 september-\Computer Graphics (CSE2215)\Task 4\dependencies\tucano\tucano\mesh.hpp(512,34): warning C4244:  '=': conversion from 'double' to 'float', possible loss of data
C:\Users\kevin\Documents\Werkmap\TU DELFT\CSE\Jaar 2 2019-2020\Q1 september-\Computer Graphics (CSE2215)\Task 4\dependencies\tucano\tucano\mesh.hpp(514,23): warning C4244:  'initializing': conversion from 'double' to 'float', possible loss of data
C:\Users\kevin\Documents\Werkmap\TU DELFT\CSE\Jaar 2 2019-2020\Q1 september-\Computer Graphics (CSE2215)\Task 4\dependencies\tucano\tucano\mesh.hpp(515,23): warning C4244:  'initializing': conversion from 'double' to 'float', possible loss of data
C:\Users\kevin\Documents\Werkmap\TU DELFT\CSE\Jaar 2 2019-2020\Q1 september-\Computer Graphics (CSE2215)\Task 4\dependencies\tucano\tucano\mesh.hpp(516,23): warning C4244:  'initializing': conversion from 'double' to 'float', possible loss of data
C:\Users\kevin\Documents\Werkmap\TU DELFT\CSE\Jaar 2 2019-2020\Q1 september-\Computer Graphics (CSE2215)\Task 4\dependencies\tucano\tucano\mesh.hpp(533,34): warning C4244:  '=': conversion from 'double' to 'float', possible loss of data
C:\Users\kevin\Documents\Werkmap\TU DELFT\CSE\Jaar 2 2019-2020\Q1 september-\Computer Graphics (CSE2215)\Task 4\dependencies\tucano\tucano\mesh.hpp(543,1): warning C4267:  '=': conversion from 'size_t' to 'unsigned int', possible loss of data
C:\Users\kevin\Documents\Werkmap\TU DELFT\CSE\Jaar 2 2019-2020\Q1 september-\Computer Graphics (CSE2215)\Task 4\dependencies\tucano\tucano\mesh.hpp(556,1): warning C4267:  '=': conversion from 'size_t' to 'unsigned int', possible loss of data
C:\Users\kevin\Documents\Werkmap\TU DELFT\CSE\Jaar 2 2019-2020\Q1 september-\Computer Graphics (CSE2215)\Task 4\dependencies\tucano\tucano\mesh.hpp(607,1): warning C4267:  '=': conversion from 'size_t' to 'unsigned int', possible loss of data
C:\Users\kevin\Documents\Werkmap\TU DELFT\CSE\Jaar 2 2019-2020\Q1 september-\Computer Graphics (CSE2215)\Task 4\dependencies\tucano\tucano\mesh.hpp(900,1): warning C4267:  'argument': conversion from 'size_t' to 'int', possible loss of data
C:\Users\kevin\Documents\Werkmap\TU DELFT\CSE\Jaar 2 2019-2020\Q1 september-\Computer Graphics (CSE2215)\Task 4\dependencies\tucano\tucano\mesh.hpp(934,1): warning C4267:  'argument': conversion from 'size_t' to 'int', possible loss of data
C:\Users\kevin\Documents\Werkmap\TU DELFT\CSE\Jaar 2 2019-2020\Q1 september-\Computer Graphics (CSE2215)\Task 4\dependencies\tucano\tucano\mesh.hpp(965,1): warning C4267:  'argument': conversion from 'size_t' to 'int', possible loss of data
C:\Users\kevin\Documents\Werkmap\TU DELFT\CSE\Jaar 2 2019-2020\Q1 september-\Computer Graphics (CSE2215)\Task 4\dependencies\tucano\tucano\camera.hpp(175,36): warning C4244:  '=': conversion from 'double' to 'float', possible loss of data
C:\Users\kevin\Documents\Werkmap\TU DELFT\CSE\Jaar 2 2019-2020\Q1 september-\Computer Graphics (CSE2215)\Task 4\dependencies\tucano\tucano\camera.hpp(176,36): warning C4244:  '=': conversion from 'double' to 'float', possible loss of data
C:\Users\kevin\Documents\Werkmap\TU DELFT\CSE\Jaar 2 2019-2020\Q1 september-\Computer Graphics (CSE2215)\Task 4\dependencies\tucano\tucano\camera.hpp(177,36): warning C4244:  '=': conversion from 'double' to 'float', possible loss of data
C:\Users\kevin\Documents\Werkmap\TU DELFT\CSE\Jaar 2 2019-2020\Q1 september-\Computer Graphics (CSE2215)\Task 4\dependencies\tucano\tucano\camera.hpp(246,27): warning C4244:  'return': conversion from 'double' to 'float', possible loss of data
C:\Users\kevin\Documents\Werkmap\TU DELFT\CSE\Jaar 2 2019-2020\Q1 september-\Computer Graphics (CSE2215)\Task 4\dependencies\tucano\tucano\camera.hpp(369,1): warning C4305:  '=': truncation from 'double' to 'float'
C:\Users\kevin\Documents\Werkmap\TU DELFT\CSE\Jaar 2 2019-2020\Q1 september-\Computer Graphics (CSE2215)\Task 4\dependencies\tucano\tucano\camera.hpp(391,37): warning C4244:  'initializing': conversion from 'double' to 'float', possible loss of data
C:\Users\kevin\Documents\Werkmap\TU DELFT\CSE\Jaar 2 2019-2020\Q1 september-\Computer Graphics (CSE2215)\Task 4\dependencies\tucano\tucano\camera.hpp(391,25): warning C4244:  'initializing': conversion from 'double' to 'const float', possible loss of data
C:\Users\kevin\Documents\Werkmap\TU DELFT\CSE\Jaar 2 2019-2020\Q1 september-\Computer Graphics (CSE2215)\Task 4\dependencies\tucano\tucano\camera.hpp(451,23): warning C4244:  '=': conversion from 'double' to 'float', possible loss of data
C:\Users\kevin\Documents\Werkmap\TU DELFT\CSE\Jaar 2 2019-2020\Q1 september-\Computer Graphics (CSE2215)\Task 4\dependencies\tucano\tucano\camera.hpp(452,23): warning C4244:  '=': conversion from 'double' to 'float', possible loss of data
C:\Users\kevin\Documents\Werkmap\TU DELFT\CSE\Jaar 2 2019-2020\Q1 september-\Computer Graphics (CSE2215)\Task 4\dependencies\tucano\tucano\camera.hpp(453,24): warning C4244:  '=': conversion from 'double' to 'float', possible loss of data
C:\Users\kevin\Documents\Werkmap\TU DELFT\CSE\Jaar 2 2019-2020\Q1 september-\Computer Graphics (CSE2215)\Task 4\helloworld\src\helloworld.hpp(54,69): warning C4244:  'argument': conversion from 'float' to 'GLsizei', possible loss of data
C:\Users\kevin\Documents\Werkmap\TU DELFT\CSE\Jaar 2 2019-2020\Q1 september-\Computer Graphics (CSE2215)\Task 4\helloworld\src\helloworld.hpp(54,56): warning C4244:  'argument': conversion from 'float' to 'GLsizei', possible loss of data
C:\Users\kevin\Documents\Werkmap\TU DELFT\CSE\Jaar 2 2019-2020\Q1 september-\Computer Graphics (CSE2215)\Task 4\helloworld\src\helloworld.hpp(54,43): warning C4244:  'argument': conversion from 'float' to 'GLint', possible loss of data
  widget.cpp
C:\Users\kevin\Documents\Werkmap\TU DELFT\CSE\Jaar 2 2019-2020\Q1 september-\Computer Graphics (CSE2215)\Task 4\helloworld\src\helloworld.hpp(54,30): warning C4244:  'argument': conversion from 'float' to 'GLint', possible loss of data
C:\Users\kevin\Documents\Werkmap\TU DELFT\CSE\Jaar 2 2019-2020\Q1 september-\Computer Graphics (CSE2215)\Task 4\dependencies\tucano\tucano\shader.hpp(1789,1): warning C4267:  'argument': conversion from 'size_t' to 'GLsizei', possible loss of data
C:\Users\kevin\Documents\Werkmap\TU DELFT\CSE\Jaar 2 2019-2020\Q1 september-\Computer Graphics (CSE2215)\Task 4\dependencies\tucano\tucano\shader.hpp(1797,1): warning C4267:  'argument': conversion from 'size_t' to 'GLsizei', possible loss of data
C:\Users\kevin\Documents\Werkmap\TU DELFT\CSE\Jaar 2 2019-2020\Q1 september-\Computer Graphics (CSE2215)\Task 4\dependencies\tucano\tucano\camera.hpp(175,36): warning C4244:  '=': conversion from 'double' to 'float', possible loss of data
C:\Users\kevin\Documents\Werkmap\TU DELFT\CSE\Jaar 2 2019-2020\Q1 september-\Computer Graphics (CSE2215)\Task 4\dependencies\tucano\tucano\camera.hpp(176,36): warning C4244:  '=': conversion from 'double' to 'float', possible loss of data
C:\Users\kevin\Documents\Werkmap\TU DELFT\CSE\Jaar 2 2019-2020\Q1 september-\Computer Graphics (CSE2215)\Task 4\dependencies\tucano\tucano\camera.hpp(177,36): warning C4244:  '=': conversion from 'double' to 'float', possible loss of data
C:\Users\kevin\Documents\Werkmap\TU DELFT\CSE\Jaar 2 2019-2020\Q1 september-\Computer Graphics (CSE2215)\Task 4\dependencies\tucano\tucano\camera.hpp(246,27): warning C4244:  'return': conversion from 'double' to 'float', possible loss of data
C:\Users\kevin\Documents\Werkmap\TU DELFT\CSE\Jaar 2 2019-2020\Q1 september-\Computer Graphics (CSE2215)\Task 4\dependencies\tucano\tucano\camera.hpp(369,1): warning C4305:  '=': truncation from 'double' to 'float'
C:\Users\kevin\Documents\Werkmap\TU DELFT\CSE\Jaar 2 2019-2020\Q1 september-\Computer Graphics (CSE2215)\Task 4\dependencies\tucano\tucano\camera.hpp(391,37): warning C4244:  'initializing': conversion from 'double' to 'float', possible loss of data
C:\Users\kevin\Documents\Werkmap\TU DELFT\CSE\Jaar 2 2019-2020\Q1 september-\Computer Graphics (CSE2215)\Task 4\dependencies\tucano\tucano\camera.hpp(391,25): warning C4244:  'initializing': conversion from 'double' to 'const float', possible loss of data
C:\Users\kevin\Documents\Werkmap\TU DELFT\CSE\Jaar 2 2019-2020\Q1 september-\Computer Graphics (CSE2215)\Task 4\dependencies\tucano\tucano\camera.hpp(451,23): warning C4244:  '=': conversion from 'double' to 'float', possible loss of data
C:\Users\kevin\Documents\Werkmap\TU DELFT\CSE\Jaar 2 2019-2020\Q1 september-\Computer Graphics (CSE2215)\Task 4\dependencies\tucano\tucano\camera.hpp(452,23): warning C4244:  '=': conversion from 'double' to 'float', possible loss of data
C:\Users\kevin\Documents\Werkmap\TU DELFT\CSE\Jaar 2 2019-2020\Q1 september-\Computer Graphics (CSE2215)\Task 4\dependencies\tucano\tucano\camera.hpp(453,24): warning C4244:  '=': conversion from 'double' to 'float', possible loss of data
C:\Users\kevin\Documents\Werkmap\TU DELFT\CSE\Jaar 2 2019-2020\Q1 september-\Computer Graphics (CSE2215)\Task 4\dependencies\tucano\tucano\model.hpp(39,73): warning C4305:  'argument': truncation from 'double' to 'const float'
C:\Users\kevin\Documents\Werkmap\TU DELFT\CSE\Jaar 2 2019-2020\Q1 september-\Computer Graphics (CSE2215)\Task 4\dependencies\tucano\tucano\model.hpp(171,31): warning C4244:  'argument': conversion from 'double' to 'const float', possible loss of data
C:\Users\kevin\Documents\Werkmap\TU DELFT\CSE\Jaar 2 2019-2020\Q1 september-\Computer Graphics (CSE2215)\Task 4\dependencies\tucano\tucano\mesh.hpp(472,1): warning C4267:  '=': conversion from 'size_t' to 'unsigned int', possible loss of data
C:\Users\kevin\Documents\Werkmap\TU DELFT\CSE\Jaar 2 2019-2020\Q1 september-\Computer Graphics (CSE2215)\Task 4\dependencies\tucano\tucano\mesh.hpp(512,34): warning C4244:  '=': conversion from 'double' to 'float', possible loss of data
C:\Users\kevin\Documents\Werkmap\TU DELFT\CSE\Jaar 2 2019-2020\Q1 september-\Computer Graphics (CSE2215)\Task 4\dependencies\tucano\tucano\mesh.hpp(514,23): warning C4244:  'initializing': conversion from 'double' to 'float', possible loss of data
C:\Users\kevin\Documents\Werkmap\TU DELFT\CSE\Jaar 2 2019-2020\Q1 september-\Computer Graphics (CSE2215)\Task 4\dependencies\tucano\tucano\mesh.hpp(515,23): warning C4244:  'initializing': conversion from 'double' to 'float', possible loss of data
C:\Users\kevin\Documents\Werkmap\TU DELFT\CSE\Jaar 2 2019-2020\Q1 september-\Computer Graphics (CSE2215)\Task 4\dependencies\tucano\tucano\mesh.hpp(516,23): warning C4244:  'initializing': conversion from 'double' to 'float', possible loss of data
C:\Users\kevin\Documents\Werkmap\TU DELFT\CSE\Jaar 2 2019-2020\Q1 september-\Computer Graphics (CSE2215)\Task 4\dependencies\tucano\tucano\mesh.hpp(533,34): warning C4244:  '=': conversion from 'double' to 'float', possible loss of data
C:\Users\kevin\Documents\Werkmap\TU DELFT\CSE\Jaar 2 2019-2020\Q1 september-\Computer Graphics (CSE2215)\Task 4\dependencies\tucano\tucano\mesh.hpp(543,1): warning C4267:  '=': conversion from 'size_t' to 'unsigned int', possible loss of data
C:\Users\kevin\Documents\Werkmap\TU DELFT\CSE\Jaar 2 2019-2020\Q1 september-\Computer Graphics (CSE2215)\Task 4\dependencies\tucano\tucano\mesh.hpp(556,1): warning C4267:  '=': conversion from 'size_t' to 'unsigned int', possible loss of data
C:\Users\kevin\Documents\Werkmap\TU DELFT\CSE\Jaar 2 2019-2020\Q1 september-\Computer Graphics (CSE2215)\Task 4\dependencies\tucano\tucano\mesh.hpp(607,1): warning C4267:  '=': conversion from 'size_t' to 'unsigned int', possible loss of data
C:\Users\kevin\Documents\Werkmap\TU DELFT\CSE\Jaar 2 2019-2020\Q1 september-\Computer Graphics (CSE2215)\Task 4\dependencies\tucano\tucano\mesh.hpp(900,1): warning C4267:  'argument': conversion from 'size_t' to 'int', possible loss of data
C:\Users\kevin\Documents\Werkmap\TU DELFT\CSE\Jaar 2 2019-2020\Q1 september-\Computer Graphics (CSE2215)\Task 4\dependencies\tucano\tucano\mesh.hpp(934,1): warning C4267:  'argument': conversion from 'size_t' to 'int', possible loss of data
C:\Users\kevin\Documents\Werkmap\TU DELFT\CSE\Jaar 2 2019-2020\Q1 september-\Computer Graphics (CSE2215)\Task 4\dependencies\tucano\tucano\mesh.hpp(965,1): warning C4267:  'argument': conversion from 'size_t' to 'int', possible loss of data
C:\Users\kevin\Documents\Werkmap\TU DELFT\CSE\Jaar 2 2019-2020\Q1 september-\Computer Graphics (CSE2215)\Task 4\helloworld\src\helloworld.hpp(54,69): warning C4244:  'argument': conversion from 'float' to 'GLsizei', possible loss of data
C:\Users\kevin\Documents\Werkmap\TU DELFT\CSE\Jaar 2 2019-2020\Q1 september-\Computer Graphics (CSE2215)\Task 4\helloworld\src\helloworld.hpp(54,56): warning C4244:  'argument': conversion from 'float' to 'GLsizei', possible loss of data
C:\Users\kevin\Documents\Werkmap\TU DELFT\CSE\Jaar 2 2019-2020\Q1 september-\Computer Graphics (CSE2215)\Task 4\helloworld\src\helloworld.hpp(54,43): warning C4244:  'argument': conversion from 'float' to 'GLint', possible loss of data
C:\Users\kevin\Documents\Werkmap\TU DELFT\CSE\Jaar 2 2019-2020\Q1 september-\Computer Graphics (CSE2215)\Task 4\helloworld\src\helloworld.hpp(54,30): warning C4244:  'argument': conversion from 'float' to 'GLint', possible loss of data
  Generating Code...
C:\Users\kevin\Documents\Werkmap\TU DELFT\CSE\Jaar 2 2019-2020\Q1 september-\Computer Graphics (CSE2215)\Task 4\helloworld\src\widget.cpp(6,36): warning C4305:  'argument': truncation from 'double' to 'GLclampf'
LINK : warning LNK4098: defaultlib 'MSVCRT' conflicts with use of other libs; use /NODEFAULTLIB:library
  helloworld.vcxproj -> C:\Users\kevin\Documents\Werkmap\TU DELFT\CSE\Jaar 2 2019-2020\Q1 september-\Computer Graphics (CSE2215)\Task 4\x64\Debug\helloworld.exe
  C:\Users\kevin\Documents\Werkmap\TU DELFT\CSE\Jaar 2 2019-2020\Q1 september-\Computer Graphics (CSE2215)\Task 4\dependencies\glfw\bin\win\x64\glfw3.dll
  1 File(s) copied
  C:\Users\kevin\Documents\Werkmap\TU DELFT\CSE\Jaar 2 2019-2020\Q1 september-\Computer Graphics (CSE2215)\Task 4\dependencies\glew\bin\win\x64\glew32.dll
  1 File(s) copied
